<?xml version="1.0" encoding="UTF-8"?>
<!-- Generated by org.testng.reporters.JUnitXMLReporter -->
<testsuite ignored="0" hostname="DESKTOP-M1GS1DE" failures="0" tests="2" name="Test" time="0.158" errors="0" timestamp="2020-07-28T18:03:49 EDT">
  <testcase classname="translink.FirstTest" name="@BeforeTest initialise" time="0.096">
    <failure type="java.lang.IllegalStateException" message="The path to the driver executable must be set by the webdriver.ie.driver system property; for more information, see https://github.com/SeleniumHQ/selenium/wiki/InternetExplorerDriver. The latest version can be downloaded from http://selenium-release.storage.googleapis.com/index.html">
      <![CDATA[java.lang.IllegalStateException: The path to the driver executable must be set by the webdriver.ie.driver system property; for more information, see https://github.com/SeleniumHQ/selenium/wiki/InternetExplorerDriver. The latest version can be downloaded from http://selenium-release.storage.googleapis.com/index.html
at com.google.common.base.Preconditions.checkState(Preconditions.java:847)
at org.openqa.selenium.remote.service.DriverService.findExecutable(DriverService.java:134)
at org.openqa.selenium.ie.InternetExplorerDriverService.access$000(InternetExplorerDriverService.java:35)
at org.openqa.selenium.ie.InternetExplorerDriverService$Builder.findDefaultExecutable(InternetExplorerDriverService.java:175)
at org.openqa.selenium.remote.service.DriverService$Builder.build(DriverService.java:355)
at org.openqa.selenium.ie.InternetExplorerDriver.setupService(InternetExplorerDriver.java:281)
at org.openqa.selenium.ie.InternetExplorerDriver.<init>(InternetExplorerDriver.java:211)
at org.openqa.selenium.ie.InternetExplorerDriver.<init>(InternetExplorerDriver.java:150)
at utilities.Base.initialiseDriver(Base.java:57)
at translink.FirstTest.initialise(FirstTest.java:40)
... Removed 24 stack frames]]>
    </failure>
  </testcase> <!-- @BeforeTest initialise -->
  <testcase classname="translink.FirstTest" name="@AfterTest teardown" time="-1.59597382995E9">
    <skipped/>
  </testcase> <!-- @AfterTest teardown -->
  <testcase classname="translink.FirstTest" name="validateAddFav" time="0.0">
    <skipped/>
  </testcase> <!-- validateAddFav -->
  <testcase classname="translink.FirstTest" name="validateAddFav" time="0.0">
    <skipped/>
  </testcase> <!-- validateAddFav -->
</testsuite> <!-- Test -->
